2025-04-04 09:59:14.913578 - Received CBT.V508.FILE452.PDS from FILE452.XMI 
2025-04-04 09:59:14.916861 - Found $$$#DATE.txt (text/plain) in CBT.V508.FILE452.PDS, moved to PDS/$$$#DATE
2025-04-04 09:59:14.917022 - Found $$$INTRO.txt (text/plain) in CBT.V508.FILE452.PDS, moved to PDS/$$$INTRO
2025-04-04 09:59:14.917184 - Found $$CHANGE.txt (text/plain) in CBT.V508.FILE452.PDS, moved to PDS/$$CHANGE
2025-04-04 09:59:14.917315 - Found $$INDEX.txt (text/plain) in CBT.V508.FILE452.PDS, moved to PDS/$$INDEX
2025-04-04 09:59:14.917441 - Found $$NOTE01.bin (application/octet-stream) in CBT.V508.FILE452.PDS, moved to PDS/$$NOTE01
2025-04-04 09:59:14.917569 - Found $$NOTE02.eml (message/rfc822) in CBT.V508.FILE452.PDS, moved to PDS/$$NOTE02
2025-04-04 09:59:14.917692 - Found $$NOTE03.eml (message/rfc822) in CBT.V508.FILE452.PDS, moved to PDS/$$NOTE03
2025-04-04 09:59:14.917816 - Found $$NOTE04.eml (message/rfc822) in CBT.V508.FILE452.PDS, moved to PDS/$$NOTE04
2025-04-04 09:59:14.917945 - Found $$NOTE05.eml (message/rfc822) in CBT.V508.FILE452.PDS, moved to PDS/$$NOTE05
2025-04-04 09:59:14.918080 - Found $$NOTE06.eml (message/rfc822) in CBT.V508.FILE452.PDS, moved to PDS/$$NOTE06
2025-04-04 09:59:14.918199 - Found $$NOTE07.eml (message/rfc822) in CBT.V508.FILE452.PDS, moved to PDS/$$NOTE07
2025-04-04 09:59:14.918316 - Found $$NOTE08.eml (message/rfc822) in CBT.V508.FILE452.PDS, moved to PDS/$$NOTE08
2025-04-04 09:59:14.918442 - Found $$NOTE09.eml (message/rfc822) in CBT.V508.FILE452.PDS, moved to PDS/$$NOTE09
2025-04-04 09:59:14.918580 - Found $$NOTE1.bin (application/octet-stream) in CBT.V508.FILE452.PDS, moved to PDS/$$NOTE1
2025-04-04 09:59:14.918709 - Found $$NOTE10.eml (message/rfc822) in CBT.V508.FILE452.PDS, moved to PDS/$$NOTE10
2025-04-04 09:59:14.918826 - Found $$NOTE11.eml (message/rfc822) in CBT.V508.FILE452.PDS, moved to PDS/$$NOTE11
2025-04-04 09:59:14.918962 - Found $$NOTE2.eml (message/rfc822) in CBT.V508.FILE452.PDS, moved to PDS/$$NOTE2
2025-04-04 09:59:14.919087 - Found $$NOTE3.eml (message/rfc822) in CBT.V508.FILE452.PDS, moved to PDS/$$NOTE3
2025-04-04 09:59:14.919213 - Found $$NOTE4.eml (message/rfc822) in CBT.V508.FILE452.PDS, moved to PDS/$$NOTE4
2025-04-04 09:59:14.919335 - Found $$README.txt (text/plain) in CBT.V508.FILE452.PDS, moved to PDS/$$README
2025-04-04 09:59:14.919474 - Found $ADDTO.jcl (text/plain) in CBT.V508.FILE452.PDS, moved to PDS/$ADDTO
2025-04-04 09:59:14.919623 - Found $CATERUN.jcl (text/plain) in CBT.V508.FILE452.PDS, moved to PDS/$CATERUN
2025-04-04 09:59:14.919759 - Found $CATEXTR.jcl (text/plain) in CBT.V508.FILE452.PDS, moved to PDS/$CATEXTR
2025-04-04 09:59:14.919886 - Found $CATL.jcl (text/plain) in CBT.V508.FILE452.PDS, moved to PDS/$CATL
2025-04-04 09:59:14.920009 - Found $CHKPROC.txt (text/plain) in CBT.V508.FILE452.PDS, moved to PDS/$CHKPROC
2025-04-04 09:59:14.920142 - Found $CHKVOL.jcl (text/plain) in CBT.V508.FILE452.PDS, moved to PDS/$CHKVOL
2025-04-04 09:59:14.920259 - Found $D2BLS.jcl (text/plain) in CBT.V508.FILE452.PDS, moved to PDS/$D2BLS
2025-04-04 09:59:14.920391 - Found $D2BLSJ.jcl (text/plain) in CBT.V508.FILE452.PDS, moved to PDS/$D2BLSJ
2025-04-04 09:59:14.920512 - Found $EDITSUB.jcl (text/plain) in CBT.V508.FILE452.PDS, moved to PDS/$EDITSUB
2025-04-04 09:59:14.920639 - Found $FAMSEXT.jcl (text/plain) in CBT.V508.FILE452.PDS, moved to PDS/$FAMSEXT
2025-04-04 09:59:14.920767 - Found $FAMSRUN.jcl (text/plain) in CBT.V508.FILE452.PDS, moved to PDS/$FAMSRUN
2025-04-04 09:59:14.920884 - Found $IEFUJV.jcl (text/plain) in CBT.V508.FILE452.PDS, moved to PDS/$IEFUJV
2025-04-04 09:59:14.921013 - Found $LDS.jcl (text/plain) in CBT.V508.FILE452.PDS, moved to PDS/$LDS
2025-04-04 09:59:14.921133 - Found $LISTAST.jcl (text/plain) in CBT.V508.FILE452.PDS, moved to PDS/$LISTAST
2025-04-04 09:59:14.921254 - Found $LISTVOL.jcl (text/plain) in CBT.V508.FILE452.PDS, moved to PDS/$LISTVOL
2025-04-04 09:59:14.921374 - Found $LWATEDI.jcl (text/plain) in CBT.V508.FILE452.PDS, moved to PDS/$LWATEDI
2025-04-04 09:59:14.921490 - Found $LWATMGR.jcl (text/plain) in CBT.V508.FILE452.PDS, moved to PDS/$LWATMGR
2025-04-04 09:59:14.921609 - Found $MPFEXIT.jcl (text/plain) in CBT.V508.FILE452.PDS, moved to PDS/$MPFEXIT
2025-04-04 09:59:14.921728 - Found $PACKMAP.jcl (text/plain) in CBT.V508.FILE452.PDS, moved to PDS/$PACKMAP
2025-04-04 09:59:14.921845 - Found $PRU.jcl (text/plain) in CBT.V508.FILE452.PDS, moved to PDS/$PRU
2025-04-04 09:59:14.921971 - Found $RECEIVE.jcl (text/plain) in CBT.V508.FILE452.PDS, moved to PDS/$RECEIVE
2025-04-04 09:59:14.922099 - Found $RETCODE.jcl (text/plain) in CBT.V508.FILE452.PDS, moved to PDS/$RETCODE
2025-04-04 09:59:14.922232 - Found $RXLOCAT.jcl (text/plain) in CBT.V508.FILE452.PDS, moved to PDS/$RXLOCAT
2025-04-04 09:59:14.922352 - Found $SAFECPY.jcl (text/plain) in CBT.V508.FILE452.PDS, moved to PDS/$SAFECPY
2025-04-04 09:59:14.922475 - Found $SJFSAMP.jcl (text/plain) in CBT.V508.FILE452.PDS, moved to PDS/$SJFSAMP
2025-04-04 09:59:14.922593 - Found $STEPLIB.jcl (text/plain) in CBT.V508.FILE452.PDS, moved to PDS/$STEPLIB
2025-04-04 09:59:14.922723 - Found $SYSMSGS.jcl (text/plain) in CBT.V508.FILE452.PDS, moved to PDS/$SYSMSGS
2025-04-04 09:59:14.922839 - Found $TEPTERM.jcl (text/plain) in CBT.V508.FILE452.PDS, moved to PDS/$TEPTERM
2025-04-04 09:59:14.922961 - Found $ULUTSCN.jcl (text/plain) in CBT.V508.FILE452.PDS, moved to PDS/$ULUTSCN
2025-04-04 09:59:14.923092 - Found $USERINF.jcl (text/plain) in CBT.V508.FILE452.PDS, moved to PDS/$USERINF
2025-04-04 09:59:14.923215 - Found $WHOSGOT.jcl (text/plain) in CBT.V508.FILE452.PDS, moved to PDS/$WHOSGOT
2025-04-04 09:59:14.923335 - Found $XMIT.jcl (text/plain) in CBT.V508.FILE452.PDS, moved to PDS/$XMIT
2025-04-04 09:59:14.923457 - Found #PLIST.rexx (text/plain) in CBT.V508.FILE452.PDS, moved to PDS/#PLIST
2025-04-04 09:59:14.923591 - Found @FILE452.txt (text/plain) in CBT.V508.FILE452.PDS, moved to PDS/@FILE452
2025-04-04 09:59:14.923715 - Found ADDTO.txt (text/plain) in CBT.V508.FILE452.PDS, moved to PDS/ADDTO
2025-04-04 09:59:14.923852 - Found CATEXTR.txt (text/plain) in CBT.V508.FILE452.PDS, moved to PDS/CATEXTR
2025-04-04 09:59:14.923971 - Found CATL.txt (text/plain) in CBT.V508.FILE452.PDS, moved to PDS/CATL
2025-04-04 09:59:14.924099 - Found CHECKVOL.txt (text/plain) in CBT.V508.FILE452.PDS, moved to PDS/CHECKVOL
2025-04-04 09:59:14.924244 - Found D2BLS.txt (text/plain) in CBT.V508.FILE452.PDS, moved to PDS/D2BLS
2025-04-04 09:59:14.924361 - Found EDITSUB.txt (text/plain) in CBT.V508.FILE452.PDS, moved to PDS/EDITSUB
2025-04-04 09:59:14.924472 - Found FAMSEXTR.txt (text/plain) in CBT.V508.FILE452.PDS, moved to PDS/FAMSEXTR
2025-04-04 09:59:14.924594 - Found HELP.xmi (application/xmit) in CBT.V508.FILE452.PDS, moved to PDS/HELP.xmi
2025-04-04 09:59:15.020030 - Received RSI01DD.DDNAME.IN from HELP.xmi 
2025-04-04 09:59:15.020707 - Found ADDTO.txt (text/plain) in RSI01DD.DDNAME.IN, moved to HELP/ADDTO
2025-04-04 09:59:15.020904 - Found CATL.txt (text/plain) in RSI01DD.DDNAME.IN, moved to HELP/CATL
2025-04-04 09:59:15.021070 - Found JCLSET.txt (text/plain) in RSI01DD.DDNAME.IN, moved to HELP/JCLSET
2025-04-04 09:59:15.021215 - Found LDS.txt (text/plain) in RSI01DD.DDNAME.IN, moved to HELP/LDS
2025-04-04 09:59:15.021342 - Found LISTAST.txt (text/plain) in RSI01DD.DDNAME.IN, moved to HELP/LISTAST
2025-04-04 09:59:15.021463 - Found LWATMGR.txt (text/plain) in RSI01DD.DDNAME.IN, moved to HELP/LWATMGR
2025-04-04 09:59:15.021590 - Found STEPLIB.txt (text/plain) in RSI01DD.DDNAME.IN, moved to HELP/STEPLIB
2025-04-04 09:59:15.021731 - Found USERINFO.txt (text/plain) in RSI01DD.DDNAME.IN, moved to HELP/USERINFO
2025-04-04 09:59:15.021846 - Found WHOSGOT.txt (text/plain) in RSI01DD.DDNAME.IN, moved to HELP/WHOSGOT
2025-04-04 09:59:15.022440 - Found HEXDUMP.txt (text/plain) in CBT.V508.FILE452.PDS, moved to PDS/HEXDUMP
2025-04-04 09:59:15.022561 - Found IEFACTRT.txt (text/plain) in CBT.V508.FILE452.PDS, moved to PDS/IEFACTRT
2025-04-04 09:59:15.022708 - Found IEFUJV.txt (text/plain) in CBT.V508.FILE452.PDS, moved to PDS/IEFUJV
2025-04-04 09:59:15.022834 - Found JCLSYMBL.txt (text/plain) in CBT.V508.FILE452.PDS, moved to PDS/JCLSYMBL
2025-04-04 09:59:15.022957 - Found JCLSYMBS.txt (text/plain) in CBT.V508.FILE452.PDS, moved to PDS/JCLSYMBS
2025-04-04 09:59:15.023099 - Found LDS.txt (text/plain) in CBT.V508.FILE452.PDS, moved to PDS/LDS
2025-04-04 09:59:15.023255 - Found LISTAST.txt (text/plain) in CBT.V508.FILE452.PDS, moved to PDS/LISTAST
2025-04-04 09:59:15.023388 - Found LISTAST$.jcl (text/plain) in CBT.V508.FILE452.PDS, moved to PDS/LISTAST$
2025-04-04 09:59:15.023516 - Found LISTASTO.txt (text/plain) in CBT.V508.FILE452.PDS, moved to PDS/LISTASTO
2025-04-04 09:59:15.023638 - Found LISTVOL$.jcl (text/plain) in CBT.V508.FILE452.PDS, moved to PDS/LISTVOL$
2025-04-04 09:59:15.023768 - Found LISTVOLS.txt (text/plain) in CBT.V508.FILE452.PDS, moved to PDS/LISTVOLS
2025-04-04 09:59:15.023917 - Found LOADLIB.xmi (application/xmit) in CBT.V508.FILE452.PDS, moved to PDS/LOADLIB.xmi
2025-04-04 09:59:15.066146 - Received RSI01DD.DDNAME.IN from LOADLIB.xmi 
2025-04-04 09:59:15.066896 - Found $TEPTERM.bin (application/octet-stream) in RSI01DD.DDNAME.IN, moved to LOADLIB/$TEPTERM
2025-04-04 09:59:15.067030 - Found ADDTO.bin (application/octet-stream) in RSI01DD.DDNAME.IN, moved to LOADLIB/ADDTO
2025-04-04 09:59:15.067153 - Found CATEXTR.bin (application/octet-stream) in RSI01DD.DDNAME.IN, moved to LOADLIB/CATEXTR
2025-04-04 09:59:15.067274 - Found CATL.bin (application/octet-stream) in RSI01DD.DDNAME.IN, moved to LOADLIB/CATL
2025-04-04 09:59:15.067388 - Found CHECKVOL.bin (application/octet-stream) in RSI01DD.DDNAME.IN, moved to LOADLIB/CHECKVOL
2025-04-04 09:59:15.067526 - Found D2BLS.bin (application/octet-stream) in RSI01DD.DDNAME.IN, moved to LOADLIB/D2BLS
2025-04-04 09:59:15.067653 - Found EDITSUB.bin (application/octet-stream) in RSI01DD.DDNAME.IN, moved to LOADLIB/EDITSUB
2025-04-04 09:59:15.067779 - Found FAMSEXTR.bin (application/octet-stream) in RSI01DD.DDNAME.IN, moved to LOADLIB/FAMSEXTR
2025-04-04 09:59:15.067911 - Found IEFUJV.bin (application/octet-stream) in RSI01DD.DDNAME.IN, moved to LOADLIB/IEFUJV
2025-04-04 09:59:15.068044 - Found LDS.bin (application/octet-stream) in RSI01DD.DDNAME.IN, moved to LOADLIB/LDS
2025-04-04 09:59:15.068180 - Found LISTAST.bin (application/octet-stream) in RSI01DD.DDNAME.IN, moved to LOADLIB/LISTAST
2025-04-04 09:59:15.068297 - Found LISTVOLS.bin (application/octet-stream) in RSI01DD.DDNAME.IN, moved to LOADLIB/LISTVOLS
2025-04-04 09:59:15.068412 - Found LWATEDIT.bin (application/octet-stream) in RSI01DD.DDNAME.IN, moved to LOADLIB/LWATEDIT
2025-04-04 09:59:15.068536 - Found LWATMGR.bin (application/octet-stream) in RSI01DD.DDNAME.IN, moved to LOADLIB/LWATMGR
2025-04-04 09:59:15.068670 - Found MPFEXITS.bin (application/octet-stream) in RSI01DD.DDNAME.IN, moved to LOADLIB/MPFEXITS
2025-04-04 09:59:15.068804 - Found PACKMAP.bin (application/octet-stream) in RSI01DD.DDNAME.IN, moved to LOADLIB/PACKMAP
2025-04-04 09:59:15.068922 - Found PRU.bin (application/octet-stream) in RSI01DD.DDNAME.IN, moved to LOADLIB/PRU
2025-04-04 09:59:15.069042 - Found RETCODE.bin (application/octet-stream) in RSI01DD.DDNAME.IN, moved to LOADLIB/RETCODE
2025-04-04 09:59:15.069165 - Found RXLOCATE.bin (application/octet-stream) in RSI01DD.DDNAME.IN, moved to LOADLIB/RXLOCATE
2025-04-04 09:59:15.069290 - Found SAFECOPY.bin (application/octet-stream) in RSI01DD.DDNAME.IN, moved to LOADLIB/SAFECOPY
2025-04-04 09:59:15.069408 - Found SJFSAMP.bin (application/octet-stream) in RSI01DD.DDNAME.IN, moved to LOADLIB/SJFSAMP
2025-04-04 09:59:15.069525 - Found STEPLIB.bin (application/octet-stream) in RSI01DD.DDNAME.IN, moved to LOADLIB/STEPLIB
2025-04-04 09:59:15.069660 - Found SYSMSGS.bin (application/octet-stream) in RSI01DD.DDNAME.IN, moved to LOADLIB/SYSMSGS
2025-04-04 09:59:15.069781 - Found ULUTSCAN.bin (application/octet-stream) in RSI01DD.DDNAME.IN, moved to LOADLIB/ULUTSCAN
2025-04-04 09:59:15.069902 - Found ULUTTEST.bin (application/octet-stream) in RSI01DD.DDNAME.IN, moved to LOADLIB/ULUTTEST
2025-04-04 09:59:15.070017 - Found USERINFO.bin (application/octet-stream) in RSI01DD.DDNAME.IN, moved to LOADLIB/USERINFO
2025-04-04 09:59:15.070076 - Found alias WG to WHOSGOT in RSI01DD.DDNAME.IN, moved to PDS/WG
2025-04-04 09:59:15.070192 - Found WHOSGOT.bin (application/octet-stream) in RSI01DD.DDNAME.IN, moved to LOADLIB/WHOSGOT
2025-04-04 09:59:15.071191 - Found LWAEDIT1.txt (text/plain) in CBT.V508.FILE452.PDS, moved to PDS/LWAEDIT1
2025-04-04 09:59:15.071331 - Found LWATEDI$.jcl (text/plain) in CBT.V508.FILE452.PDS, moved to PDS/LWATEDI$
2025-04-04 09:59:15.071455 - Found LWATEDI@.txt (text/plain) in CBT.V508.FILE452.PDS, moved to PDS/LWATEDI@
2025-04-04 09:59:15.071572 - Found LWATEDIT.txt (text/plain) in CBT.V508.FILE452.PDS, moved to PDS/LWATEDIT
2025-04-04 09:59:15.071711 - Found LWATMGR.txt (text/plain) in CBT.V508.FILE452.PDS, moved to PDS/LWATMGR
2025-04-04 09:59:15.072104 - Found MACLIB.xmi (application/xmit) in CBT.V508.FILE452.PDS, moved to PDS/MACLIB.xmi
2025-04-04 09:59:16.632193 - Received RSI01DD.DDNAME.IN from MACLIB.xmi 
2025-04-04 09:59:16.637311 - Found #BAKR.txt (text/plain) in RSI01DD.DDNAME.IN, moved to MACLIB/#BAKR
2025-04-04 09:59:16.637472 - Found #BALR.txt (text/plain) in RSI01DD.DDNAME.IN, moved to MACLIB/#BALR
2025-04-04 09:59:16.637617 - Found #BLANK.txt (text/plain) in RSI01DD.DDNAME.IN, moved to MACLIB/#BLANK
2025-04-04 09:59:16.637759 - Found #BLKLEN.txt (text/plain) in RSI01DD.DDNAME.IN, moved to MACLIB/#BLKLEN
2025-04-04 09:59:16.637907 - Found #CATRC.txt (text/plain) in RSI01DD.DDNAME.IN, moved to MACLIB/#CATRC
2025-04-04 09:59:16.638032 - Found #CCW.txt (text/plain) in RSI01DD.DDNAME.IN, moved to MACLIB/#CCW
2025-04-04 09:59:16.638171 - Found #CON.txt (text/plain) in RSI01DD.DDNAME.IN, moved to MACLIB/#CON
2025-04-04 09:59:16.638310 - Found #CONBASE.txt (text/plain) in RSI01DD.DDNAME.IN, moved to MACLIB/#CONBASE
2025-04-04 09:59:16.638433 - Found #COPY.txt (text/plain) in RSI01DD.DDNAME.IN, moved to MACLIB/#COPY
2025-04-04 09:59:16.638549 - Found #CTGFL.txt (text/plain) in RSI01DD.DDNAME.IN, moved to MACLIB/#CTGFL
2025-04-04 09:59:16.638685 - Found #CTGFV.txt (text/plain) in RSI01DD.DDNAME.IN, moved to MACLIB/#CTGFV
2025-04-04 09:59:16.638807 - Found #CTGPL.txt (text/plain) in RSI01DD.DDNAME.IN, moved to MACLIB/#CTGPL
2025-04-04 09:59:16.638925 - Found #DATE.txt (text/plain) in RSI01DD.DDNAME.IN, moved to MACLIB/#DATE
2025-04-04 09:59:16.639045 - Found #DCBEXIT.txt (text/plain) in RSI01DD.DDNAME.IN, moved to MACLIB/#DCBEXIT
2025-04-04 09:59:16.639164 - Found #DCLSW.txt (text/plain) in RSI01DD.DDNAME.IN, moved to MACLIB/#DCLSW
2025-04-04 09:59:16.639305 - Found #DIRSCAN.txt (text/plain) in RSI01DD.DDNAME.IN, moved to MACLIB/#DIRSCAN
2025-04-04 09:59:16.639457 - Found #DSECTS.txt (text/plain) in RSI01DD.DDNAME.IN, moved to MACLIB/#DSECTS
2025-04-04 09:59:16.639604 - Found #ENVIRON.txt (text/plain) in RSI01DD.DDNAME.IN, moved to MACLIB/#ENVIRON
2025-04-04 09:59:16.639733 - Found #EXEC.txt (text/plain) in RSI01DD.DDNAME.IN, moved to MACLIB/#EXEC
2025-04-04 09:59:16.639864 - Found #FPOST.txt (text/plain) in RSI01DD.DDNAME.IN, moved to MACLIB/#FPOST
2025-04-04 09:59:16.639991 - Found #FREE.txt (text/plain) in RSI01DD.DDNAME.IN, moved to MACLIB/#FREE
2025-04-04 09:59:16.640125 - Found #GET.txt (text/plain) in RSI01DD.DDNAME.IN, moved to MACLIB/#GET
2025-04-04 09:59:16.640250 - Found #GETFL.txt (text/plain) in RSI01DD.DDNAME.IN, moved to MACLIB/#GETFL
2025-04-04 09:59:16.640381 - Found #GOIF.txt (text/plain) in RSI01DD.DDNAME.IN, moved to MACLIB/#GOIF
2025-04-04 09:59:16.640666 - Found #ICALL.txt (text/plain) in RSI01DD.DDNAME.IN, moved to MACLIB/#ICALL
2025-04-04 09:59:16.640808 - Found #IKJPSCB.txt (text/plain) in RSI01DD.DDNAME.IN, moved to MACLIB/#IKJPSCB
2025-04-04 09:59:16.640928 - Found #IKJUPT.txt (text/plain) in RSI01DD.DDNAME.IN, moved to MACLIB/#IKJUPT
2025-04-04 09:59:16.641047 - Found #INSTACK.txt (text/plain) in RSI01DD.DDNAME.IN, moved to MACLIB/#INSTACK
2025-04-04 09:59:16.641190 - Found #IOSRL.txt (text/plain) in RSI01DD.DDNAME.IN, moved to MACLIB/#IOSRL
2025-04-04 09:59:16.641315 - Found #IPEND.txt (text/plain) in RSI01DD.DDNAME.IN, moved to MACLIB/#IPEND
2025-04-04 09:59:16.641441 - Found #IPROC.txt (text/plain) in RSI01DD.DDNAME.IN, moved to MACLIB/#IPROC
2025-04-04 09:59:16.641566 - Found #LABELS.txt (text/plain) in RSI01DD.DDNAME.IN, moved to MACLIB/#LABELS
2025-04-04 09:59:16.641692 - Found #MODE.txt (text/plain) in RSI01DD.DDNAME.IN, moved to MACLIB/#MODE
2025-04-04 09:59:16.641815 - Found #MODID.txt (text/plain) in RSI01DD.DDNAME.IN, moved to MACLIB/#MODID
2025-04-04 09:59:16.641947 - Found #MSG.txt (text/plain) in RSI01DD.DDNAME.IN, moved to MACLIB/#MSG
2025-04-04 09:59:16.642062 - Found #MVCL.txt (text/plain) in RSI01DD.DDNAME.IN, moved to MACLIB/#MVCL
2025-04-04 09:59:16.642179 - Found #NULL.txt (text/plain) in RSI01DD.DDNAME.IN, moved to MACLIB/#NULL
2025-04-04 09:59:16.642298 - Found #PATCH.txt (text/plain) in RSI01DD.DDNAME.IN, moved to MACLIB/#PATCH
2025-04-04 09:59:16.642414 - Found #RBL.txt (text/plain) in RSI01DD.DDNAME.IN, moved to MACLIB/#RBL
2025-04-04 09:59:16.642534 - Found #REGS.txt (text/plain) in RSI01DD.DDNAME.IN, moved to MACLIB/#REGS
2025-04-04 09:59:16.642663 - Found #RELBR.txt (text/plain) in RSI01DD.DDNAME.IN, moved to MACLIB/#RELBR
2025-04-04 09:59:16.642782 - Found #RLIF.txt (text/plain) in RSI01DD.DDNAME.IN, moved to MACLIB/#RLIF
2025-04-04 09:59:16.642897 - Found #RLLI.txt (text/plain) in RSI01DD.DDNAME.IN, moved to MACLIB/#RLLI
2025-04-04 09:59:16.643010 - Found #SET.txt (text/plain) in RSI01DD.DDNAME.IN, moved to MACLIB/#SET
2025-04-04 09:59:16.643145 - Found #SETRC.txt (text/plain) in RSI01DD.DDNAME.IN, moved to MACLIB/#SETRC
2025-04-04 09:59:16.643265 - Found #SIFT.txt (text/plain) in RSI01DD.DDNAME.IN, moved to MACLIB/#SIFT
2025-04-04 09:59:16.643391 - Found #START.txt (text/plain) in RSI01DD.DDNAME.IN, moved to MACLIB/#START
2025-04-04 09:59:16.643508 - Found #STARTWA.txt (text/plain) in RSI01DD.DDNAME.IN, moved to MACLIB/#STARTWA
2025-04-04 09:59:16.643622 - Found #STOP.txt (text/plain) in RSI01DD.DDNAME.IN, moved to MACLIB/#STOP
2025-04-04 09:59:16.643741 - Found #STOPWA.txt (text/plain) in RSI01DD.DDNAME.IN, moved to MACLIB/#STOPWA
2025-04-04 09:59:16.643861 - Found #TIME.txt (text/plain) in RSI01DD.DDNAME.IN, moved to MACLIB/#TIME
2025-04-04 09:59:16.643979 - Found #TSOTERM.txt (text/plain) in RSI01DD.DDNAME.IN, moved to MACLIB/#TSOTERM
2025-04-04 09:59:16.644092 - Found ALLOC.txt (text/plain) in RSI01DD.DDNAME.IN, moved to MACLIB/ALLOC
2025-04-04 09:59:16.644234 - Found BEGIN.txt (text/plain) in RSI01DD.DDNAME.IN, moved to MACLIB/BEGIN
2025-04-04 09:59:16.644364 - Found BEGINWKA.txt (text/plain) in RSI01DD.DDNAME.IN, moved to MACLIB/BEGINWKA
2025-04-04 09:59:16.644480 - Found BLOCKLEN.txt (text/plain) in RSI01DD.DDNAME.IN, moved to MACLIB/BLOCKLEN
2025-04-04 09:59:16.644596 - Found CICB.txt (text/plain) in RSI01DD.DDNAME.IN, moved to MACLIB/CICB
2025-04-04 09:59:16.644725 - Found DCLSW.txt (text/plain) in RSI01DD.DDNAME.IN, moved to MACLIB/DCLSW
2025-04-04 09:59:16.644848 - Found DEFAULT.txt (text/plain) in RSI01DD.DDNAME.IN, moved to MACLIB/DEFAULT
2025-04-04 09:59:16.644970 - Found DYNSPACE.txt (text/plain) in RSI01DD.DDNAME.IN, moved to MACLIB/DYNSPACE
2025-04-04 09:59:16.645094 - Found EXIT.txt (text/plain) in RSI01DD.DDNAME.IN, moved to MACLIB/EXIT
2025-04-04 09:59:16.645213 - Found EXITWKA.txt (text/plain) in RSI01DD.DDNAME.IN, moved to MACLIB/EXITWKA
2025-04-04 09:59:16.645344 - Found FREE.txt (text/plain) in RSI01DD.DDNAME.IN, moved to MACLIB/FREE
2025-04-04 09:59:16.645463 - Found GOIF.txt (text/plain) in RSI01DD.DDNAME.IN, moved to MACLIB/GOIF
2025-04-04 09:59:16.645575 - Found GOIFM.txt (text/plain) in RSI01DD.DDNAME.IN, moved to MACLIB/GOIFM
2025-04-04 09:59:16.645686 - Found IDAAMDSB.txt (text/plain) in RSI01DD.DDNAME.IN, moved to MACLIB/IDAAMDSB
2025-04-04 09:59:16.645801 - Found IEFZB4D5.txt (text/plain) in RSI01DD.DDNAME.IN, moved to MACLIB/IEFZB4D5
2025-04-04 09:59:16.645927 - Found IEFZB421.txt (text/plain) in RSI01DD.DDNAME.IN, moved to MACLIB/IEFZB421
2025-04-04 09:59:16.646047 - Found IEFZB461.txt (text/plain) in RSI01DD.DDNAME.IN, moved to MACLIB/IEFZB461
2025-04-04 09:59:16.646165 - Found IEZCAML.txt (text/plain) in RSI01DD.DDNAME.IN, moved to MACLIB/IEZCAML
2025-04-04 09:59:16.646297 - Found IEZCTGFL.txt (text/plain) in RSI01DD.DDNAME.IN, moved to MACLIB/IEZCTGFL
2025-04-04 09:59:16.646408 - Found IEZCTGFV.txt (text/plain) in RSI01DD.DDNAME.IN, moved to MACLIB/IEZCTGFV
2025-04-04 09:59:16.646519 - Found IEZCTGPL.txt (text/plain) in RSI01DD.DDNAME.IN, moved to MACLIB/IEZCTGPL
2025-04-04 09:59:16.646635 - Found IEZCTGVL.txt (text/plain) in RSI01DD.DDNAME.IN, moved to MACLIB/IEZCTGVL
2025-04-04 09:59:16.646745 - Found IEZCTGWA.txt (text/plain) in RSI01DD.DDNAME.IN, moved to MACLIB/IEZCTGWA
2025-04-04 09:59:16.646861 - Found IGGCAXWA.txt (text/plain) in RSI01DD.DDNAME.IN, moved to MACLIB/IGGCAXWA
2025-04-04 09:59:16.647002 - Found IGGCCA.txt (text/plain) in RSI01DD.DDNAME.IN, moved to MACLIB/IGGCCA
2025-04-04 09:59:16.647117 - Found IGGCCX.txt (text/plain) in RSI01DD.DDNAME.IN, moved to MACLIB/IGGCCX
2025-04-04 09:59:16.647234 - Found IHAQDB.txt (text/plain) in RSI01DD.DDNAME.IN, moved to MACLIB/IHAQDB
2025-04-04 09:59:16.647366 - Found IHARLD.txt (text/plain) in RSI01DD.DDNAME.IN, moved to MACLIB/IHARLD
2025-04-04 09:59:16.647481 - Found IOSDIOVT.txt (text/plain) in RSI01DD.DDNAME.IN, moved to MACLIB/IOSDIOVT
2025-04-04 09:59:16.647595 - Found IOSDULUT.txt (text/plain) in RSI01DD.DDNAME.IN, moved to MACLIB/IOSDULUT
2025-04-04 09:59:16.647710 - Found IOSDULU2.txt (text/plain) in RSI01DD.DDNAME.IN, moved to MACLIB/IOSDULU2
2025-04-04 09:59:16.647827 - Found IOSDULU3.txt (text/plain) in RSI01DD.DDNAME.IN, moved to MACLIB/IOSDULU3
2025-04-04 09:59:16.647943 - Found ISPLINK.txt (text/plain) in RSI01DD.DDNAME.IN, moved to MACLIB/ISPLINK
2025-04-04 09:59:16.648057 - Found MASK.txt (text/plain) in RSI01DD.DDNAME.IN, moved to MACLIB/MASK
2025-04-04 09:59:16.648184 - Found RCPBFRG.txt (text/plain) in RSI01DD.DDNAME.IN, moved to MACLIB/RCPBFRG
2025-04-04 09:59:16.648300 - Found RCPBFRGS.txt (text/plain) in RSI01DD.DDNAME.IN, moved to MACLIB/RCPBFRGS
2025-04-04 09:59:16.648429 - Found RCPBFSP.txt (text/plain) in RSI01DD.DDNAME.IN, moved to MACLIB/RCPBFSP
2025-04-04 09:59:16.648546 - Found RCPBTU.txt (text/plain) in RSI01DD.DDNAME.IN, moved to MACLIB/RCPBTU
2025-04-04 09:59:16.648662 - Found RCPBTU2.txt (text/plain) in RSI01DD.DDNAME.IN, moved to MACLIB/RCPBTU2
2025-04-04 09:59:16.648781 - Found RCPCHARS.txt (text/plain) in RSI01DD.DDNAME.IN, moved to MACLIB/RCPCHARS
2025-04-04 09:59:16.648898 - Found RCPCKID.txt (text/plain) in RSI01DD.DDNAME.IN, moved to MACLIB/RCPCKID
2025-04-04 09:59:16.649013 - Found RCPDBUMP.txt (text/plain) in RSI01DD.DDNAME.IN, moved to MACLIB/RCPDBUMP
2025-04-04 09:59:16.649140 - Found RCPDCLAS.txt (text/plain) in RSI01DD.DDNAME.IN, moved to MACLIB/RCPDCLAS
2025-04-04 09:59:16.649260 - Found RCPDDCB.txt (text/plain) in RSI01DD.DDNAME.IN, moved to MACLIB/RCPDDCB
2025-04-04 09:59:16.649391 - Found RCPDDN.txt (text/plain) in RSI01DD.DDNAME.IN, moved to MACLIB/RCPDDN
2025-04-04 09:59:16.649506 - Found RCPDDNRT.txt (text/plain) in RSI01DD.DDNAME.IN, moved to MACLIB/RCPDDNRT
2025-04-04 09:59:16.649619 - Found RCPDEBUG.txt (text/plain) in RSI01DD.DDNAME.IN, moved to MACLIB/RCPDEBUG
2025-04-04 09:59:16.649735 - Found RCPDEFER.txt (text/plain) in RSI01DD.DDNAME.IN, moved to MACLIB/RCPDEFER
2025-04-04 09:59:16.649851 - Found RCPDFPL.txt (text/plain) in RSI01DD.DDNAME.IN, moved to MACLIB/RCPDFPL
2025-04-04 09:59:16.649966 - Found RCPDINC.txt (text/plain) in RSI01DD.DDNAME.IN, moved to MACLIB/RCPDINC
2025-04-04 09:59:16.650077 - Found RCPDISP.txt (text/plain) in RSI01DD.DDNAME.IN, moved to MACLIB/RCPDISP
2025-04-04 09:59:16.650205 - Found RCPDS.txt (text/plain) in RSI01DD.DDNAME.IN, moved to MACLIB/RCPDS
2025-04-04 09:59:16.650323 - Found RCPDSECT.txt (text/plain) in RSI01DD.DDNAME.IN, moved to MACLIB/RCPDSECT
2025-04-04 09:59:16.650457 - Found RCPDSN.txt (text/plain) in RSI01DD.DDNAME.IN, moved to MACLIB/RCPDSN
2025-04-04 09:59:16.650573 - Found RCPDSNPD.txt (text/plain) in RSI01DD.DDNAME.IN, moved to MACLIB/RCPDSNPD
2025-04-04 09:59:16.650690 - Found RCPDSNRT.txt (text/plain) in RSI01DD.DDNAME.IN, moved to MACLIB/RCPDSNRT
2025-04-04 09:59:16.650804 - Found RCPDSNT.txt (text/plain) in RSI01DD.DDNAME.IN, moved to MACLIB/RCPDSNT
2025-04-04 09:59:16.650919 - Found RCPDSRGR.txt (text/plain) in RSI01DD.DDNAME.IN, moved to MACLIB/RCPDSRGR
2025-04-04 09:59:16.651036 - Found RCPDUMMY.txt (text/plain) in RSI01DD.DDNAME.IN, moved to MACLIB/RCPDUMMY
2025-04-04 09:59:16.651156 - Found RCPEATTR.txt (text/plain) in RSI01DD.DDNAME.IN, moved to MACLIB/RCPEATTR
2025-04-04 09:59:16.651268 - Found RCPEDIT.txt (text/plain) in RSI01DD.DDNAME.IN, moved to MACLIB/RCPEDIT
2025-04-04 09:59:16.651384 - Found RCPENDD.txt (text/plain) in RSI01DD.DDNAME.IN, moved to MACLIB/RCPENDD
2025-04-04 09:59:16.651511 - Found RCPEROPT.txt (text/plain) in RSI01DD.DDNAME.IN, moved to MACLIB/RCPEROPT
2025-04-04 09:59:16.651628 - Found RCPFCB.txt (text/plain) in RSI01DD.DDNAME.IN, moved to MACLIB/RCPFCB
2025-04-04 09:59:16.651750 - Found RCPFDDN.txt (text/plain) in RSI01DD.DDNAME.IN, moved to MACLIB/RCPFDDN
2025-04-04 09:59:16.651870 - Found RCPFDISP.txt (text/plain) in RSI01DD.DDNAME.IN, moved to MACLIB/RCPFDISP
2025-04-04 09:59:16.651986 - Found RCPFDSN.txt (text/plain) in RSI01DD.DDNAME.IN, moved to MACLIB/RCPFDSN
2025-04-04 09:59:16.652106 - Found RCPFHOLD.txt (text/plain) in RSI01DD.DDNAME.IN, moved to MACLIB/RCPFHOLD
2025-04-04 09:59:16.652217 - Found RCPFLASH.txt (text/plain) in RSI01DD.DDNAME.IN, moved to MACLIB/RCPFLASH
2025-04-04 09:59:16.652331 - Found RCPFORUS.txt (text/plain) in RSI01DD.DDNAME.IN, moved to MACLIB/RCPFORUS
2025-04-04 09:59:16.652445 - Found RCPFREE.txt (text/plain) in RSI01DD.DDNAME.IN, moved to MACLIB/RCPFREE
2025-04-04 09:59:16.652572 - Found RCPINSUL.txt (text/plain) in RSI01DD.DDNAME.IN, moved to MACLIB/RCPINSUL
2025-04-04 09:59:16.652702 - Found RCPIOPL.txt (text/plain) in RSI01DD.DDNAME.IN, moved to MACLIB/RCPIOPL
2025-04-04 09:59:16.652845 - Found RCPLABEL.txt (text/plain) in RSI01DD.DDNAME.IN, moved to MACLIB/RCPLABEL
2025-04-04 09:59:16.652967 - Found RCPLINK.txt (text/plain) in RSI01DD.DDNAME.IN, moved to MACLIB/RCPLINK
2025-04-04 09:59:16.653088 - Found RCPLOAD.txt (text/plain) in RSI01DD.DDNAME.IN, moved to MACLIB/RCPLOAD
2025-04-04 09:59:16.653199 - Found RCPLOCSW.txt (text/plain) in RSI01DD.DDNAME.IN, moved to MACLIB/RCPLOCSW
2025-04-04 09:59:16.653331 - Found RCPLOCS1.txt (text/plain) in RSI01DD.DDNAME.IN, moved to MACLIB/RCPLOCS1
2025-04-04 09:59:16.653445 - Found RCPLOCS2.txt (text/plain) in RSI01DD.DDNAME.IN, moved to MACLIB/RCPLOCS2
2025-04-04 09:59:16.653559 - Found RCPMCA.txt (text/plain) in RSI01DD.DDNAME.IN, moved to MACLIB/RCPMCA
2025-04-04 09:59:16.653687 - Found RCPMCLAS.txt (text/plain) in RSI01DD.DDNAME.IN, moved to MACLIB/RCPMCLAS
2025-04-04 09:59:16.653801 - Found RCPMSVGP.txt (text/plain) in RSI01DD.DDNAME.IN, moved to MACLIB/RCPMSVGP
2025-04-04 09:59:16.653915 - Found RCPMUDEP.txt (text/plain) in RSI01DD.DDNAME.IN, moved to MACLIB/RCPMUDEP
2025-04-04 09:59:16.654028 - Found RCPMUEXC.txt (text/plain) in RSI01DD.DDNAME.IN, moved to MACLIB/RCPMUEXC
2025-04-04 09:59:16.654164 - Found RCPNTU.txt (text/plain) in RSI01DD.DDNAME.IN, moved to MACLIB/RCPNTU
2025-04-04 09:59:16.654282 - Found RCPOPTCD.txt (text/plain) in RSI01DD.DDNAME.IN, moved to MACLIB/RCPOPTCD
2025-04-04 09:59:16.654396 - Found RCPOUTLI.txt (text/plain) in RSI01DD.DDNAME.IN, moved to MACLIB/RCPOUTLI
2025-04-04 09:59:16.654508 - Found RCPPERM.txt (text/plain) in RSI01DD.DDNAME.IN, moved to MACLIB/RCPPERM
2025-04-04 09:59:16.654627 - Found RCPPPL.txt (text/plain) in RSI01DD.DDNAME.IN, moved to MACLIB/RCPPPL
2025-04-04 09:59:16.654745 - Found RCPPRIV.txt (text/plain) in RSI01DD.DDNAME.IN, moved to MACLIB/RCPPRIV
2025-04-04 09:59:16.654863 - Found RCPPROC.txt (text/plain) in RSI01DD.DDNAME.IN, moved to MACLIB/RCPPROC
2025-04-04 09:59:16.654986 - Found RCPPROT.txt (text/plain) in RSI01DD.DDNAME.IN, moved to MACLIB/RCPPROT
2025-04-04 09:59:16.655099 - Found RCPPSWD.txt (text/plain) in RSI01DD.DDNAME.IN, moved to MACLIB/RCPPSWD
2025-04-04 09:59:16.655216 - Found RCPQNAME.txt (text/plain) in RSI01DD.DDNAME.IN, moved to MACLIB/RCPQNAME
2025-04-04 09:59:16.655333 - Found RCPRNGE.txt (text/plain) in RSI01DD.DDNAME.IN, moved to MACLIB/RCPRNGE
2025-04-04 09:59:16.655445 - Found RCPSCLAS.txt (text/plain) in RSI01DD.DDNAME.IN, moved to MACLIB/RCPSCLAS
2025-04-04 09:59:16.655554 - Found RCPSPACE.txt (text/plain) in RSI01DD.DDNAME.IN, moved to MACLIB/RCPSPACE
2025-04-04 09:59:16.655676 - Found RCPSPEC.txt (text/plain) in RSI01DD.DDNAME.IN, moved to MACLIB/RCPSPEC
2025-04-04 09:59:16.655791 - Found RCPSR2.txt (text/plain) in RSI01DD.DDNAME.IN, moved to MACLIB/RCPSR2
2025-04-04 09:59:16.655919 - Found RCPSSREQ.txt (text/plain) in RSI01DD.DDNAME.IN, moved to MACLIB/RCPSSREQ
2025-04-04 09:59:16.656032 - Found RCPSUBL.txt (text/plain) in RSI01DD.DDNAME.IN, moved to MACLIB/RCPSUBL
2025-04-04 09:59:16.656154 - Found RCPSUBS.txt (text/plain) in RSI01DD.DDNAME.IN, moved to MACLIB/RCPSUBS
2025-04-04 09:59:16.656273 - Found RCPSYSOU.txt (text/plain) in RSI01DD.DDNAME.IN, moved to MACLIB/RCPSYSOU
2025-04-04 09:59:16.656386 - Found RCPTERM.txt (text/plain) in RSI01DD.DDNAME.IN, moved to MACLIB/RCPTERM
2025-04-04 09:59:16.656499 - Found RCPTU.txt (text/plain) in RSI01DD.DDNAME.IN, moved to MACLIB/RCPTU
2025-04-04 09:59:16.656616 - Found RCPTUBFR.txt (text/plain) in RSI01DD.DDNAME.IN, moved to MACLIB/RCPTUBFR
2025-04-04 09:59:16.656748 - Found RCPTUBFX.txt (text/plain) in RSI01DD.DDNAME.IN, moved to MACLIB/RCPTUBFX
2025-04-04 09:59:16.656887 - Found RCPTXTL.txt (text/plain) in RSI01DD.DDNAME.IN, moved to MACLIB/RCPTXTL
2025-04-04 09:59:16.657002 - Found RCPTYPE.txt (text/plain) in RSI01DD.DDNAME.IN, moved to MACLIB/RCPTYPE
2025-04-04 09:59:16.657132 - Found RCPUCS.txt (text/plain) in RSI01DD.DDNAME.IN, moved to MACLIB/RCPUCS
2025-04-04 09:59:16.657246 - Found RCPUNALC.txt (text/plain) in RSI01DD.DDNAME.IN, moved to MACLIB/RCPUNALC
2025-04-04 09:59:16.657369 - Found RCPUNIT.txt (text/plain) in RSI01DD.DDNAME.IN, moved to MACLIB/RCPUNIT
2025-04-04 09:59:16.657486 - Found RCPUNITC.txt (text/plain) in RSI01DD.DDNAME.IN, moved to MACLIB/RCPUNITC
2025-04-04 09:59:16.657600 - Found RCPVCHAR.txt (text/plain) in RSI01DD.DDNAME.IN, moved to MACLIB/RCPVCHAR
2025-04-04 09:59:16.657721 - Found RCPVOLC.txt (text/plain) in RSI01DD.DDNAME.IN, moved to MACLIB/RCPVOLC
2025-04-04 09:59:16.657850 - Found RCPVOLCT.txt (text/plain) in RSI01DD.DDNAME.IN, moved to MACLIB/RCPVOLCT
2025-04-04 09:59:16.657979 - Found RCPVOLRT.txt (text/plain) in RSI01DD.DDNAME.IN, moved to MACLIB/RCPVOLRT
2025-04-04 09:59:16.658099 - Found SET.txt (text/plain) in RSI01DD.DDNAME.IN, moved to MACLIB/SET
2025-04-04 09:59:16.658214 - Found SHI.txt (text/plain) in RSI01DD.DDNAME.IN, moved to MACLIB/SHI
2025-04-04 09:59:16.658331 - Found S99FAIL.txt (text/plain) in RSI01DD.DDNAME.IN, moved to MACLIB/S99FAIL
2025-04-04 09:59:16.658442 - Found TERMIO.txt (text/plain) in RSI01DD.DDNAME.IN, moved to MACLIB/TERMIO
2025-04-04 09:59:16.658560 - Found TIOTSCAN.txt (text/plain) in RSI01DD.DDNAME.IN, moved to MACLIB/TIOTSCAN
2025-04-04 09:59:16.658678 - Found ULUPARM.txt (text/plain) in RSI01DD.DDNAME.IN, moved to MACLIB/ULUPARM
2025-04-04 09:59:16.658800 - Found ULUTSCAN.txt (text/plain) in RSI01DD.DDNAME.IN, moved to MACLIB/ULUTSCAN
2025-04-04 09:59:16.666266 - Found MPFCOLOR.txt (text/plain) in CBT.V508.FILE452.PDS, moved to PDS/MPFCOLOR
2025-04-04 09:59:16.666397 - Found MPFEXITS.txt (text/plain) in CBT.V508.FILE452.PDS, moved to PDS/MPFEXITS
2025-04-04 09:59:16.666536 - Found PACKMAP.txt (text/plain) in CBT.V508.FILE452.PDS, moved to PDS/PACKMAP
2025-04-04 09:59:16.666650 - Found PRU.txt (text/plain) in CBT.V508.FILE452.PDS, moved to PDS/PRU
2025-04-04 09:59:16.666769 - Found PRUREXX.rexx (text/plain) in CBT.V508.FILE452.PDS, moved to PDS/PRUREXX
2025-04-04 09:59:16.666896 - Found PRUREXX2.rexx (text/plain) in CBT.V508.FILE452.PDS, moved to PDS/PRUREXX2
2025-04-04 09:59:16.667008 - Found READVOL1.txt (text/plain) in CBT.V508.FILE452.PDS, moved to PDS/READVOL1
2025-04-04 09:59:16.667124 - Found RETCODE.txt (text/plain) in CBT.V508.FILE452.PDS, moved to PDS/RETCODE
2025-04-04 09:59:16.667234 - Found RXLOCATE.txt (text/plain) in CBT.V508.FILE452.PDS, moved to PDS/RXLOCATE
2025-04-04 09:59:16.667359 - Found SAFECOPY.txt (text/plain) in CBT.V508.FILE452.PDS, moved to PDS/SAFECOPY
2025-04-04 09:59:16.667471 - Found SASSXX02.txt (text/plain) in CBT.V508.FILE452.PDS, moved to PDS/SASSXX02
2025-04-04 09:59:16.667583 - Found SJFSAMP.txt (text/plain) in CBT.V508.FILE452.PDS, moved to PDS/SJFSAMP
2025-04-04 09:59:16.667713 - Found STEPLIB.txt (text/plain) in CBT.V508.FILE452.PDS, moved to PDS/STEPLIB
2025-04-04 09:59:16.667836 - Found STEPLIBH.txt (text/plain) in CBT.V508.FILE452.PDS, moved to PDS/STEPLIBH
2025-04-04 09:59:16.667980 - Found STEPLIBO.txt (text/plain) in CBT.V508.FILE452.PDS, moved to PDS/STEPLIBO
2025-04-04 09:59:16.668112 - Found SVC26DOC.txt (text/plain) in CBT.V508.FILE452.PDS, moved to PDS/SVC26DOC
2025-04-04 09:59:16.668229 - Found SYSMSGS.txt (text/plain) in CBT.V508.FILE452.PDS, moved to PDS/SYSMSGS
2025-04-04 09:59:16.668337 - Found TSOPARSE.txt (text/plain) in CBT.V508.FILE452.PDS, moved to PDS/TSOPARSE
2025-04-04 09:59:16.668460 - Found ULUTSCAN.txt (text/plain) in CBT.V508.FILE452.PDS, moved to PDS/ULUTSCAN
2025-04-04 09:59:16.668585 - Found ULUTTEST.txt (text/plain) in CBT.V508.FILE452.PDS, moved to PDS/ULUTTEST
2025-04-04 09:59:16.668694 - Found USERICLI.txt (text/plain) in CBT.V508.FILE452.PDS, moved to PDS/USERICLI
2025-04-04 09:59:16.668806 - Found USERINFO.txt (text/plain) in CBT.V508.FILE452.PDS, moved to PDS/USERINFO
2025-04-04 09:59:16.668933 - Found WGREXX.rexx (text/plain) in CBT.V508.FILE452.PDS, moved to PDS/WGREXX
2025-04-04 09:59:16.669044 - Found WHOSGOT.txt (text/plain) in CBT.V508.FILE452.PDS, moved to PDS/WHOSGOT
